"../../../../UE_Projects/FPS/Content/FirstPerson/Character/Mesh/SK_Mannequin_Arms_Skeleton.uasset" 0
"../../../../UE_Projects/FPS/Content/FirstPerson/Animations/FirstPerson_Fire.uasset" 1
"../../../../UE_Projects/FPS/Content/FirstPerson/Animations/FirstPersonFire_Montage.uasset" 2
"../../../../UE_Projects/FPS/Content/FirstPerson/Audio/FirstPersonTemplateWeaponFire02.uasset" 3
"../../../Engine/Content/EditorBlueprintResources/StandardMacros.uasset" 4
"../../../../UE_Projects/FPS/Content/FirstPerson/Animations/FirstPerson_Run.uasset" 5
"../../../../UE_Projects/FPS/Content/FirstPerson/Animations/FirstPerson_JumpStart.uasset" 6
"../../../../UE_Projects/FPS/Content/FirstPerson/Animations/FirstPerson_JumpLoop.uasset" 7
"../../../../UE_Projects/FPS/Content/FirstPerson/Animations/FirstPerson_JumpEnd.uasset" 8
"../../../../UE_Projects/FPS/Content/FirstPerson/Animations/FirstPerson_Idle.uasset" 9
"../../../../UE_Projects/FPS/Content/FirstPerson/Animations/FirstPerson_AnimBP.uasset" 10
"../../../../UE_Projects/FPS/Content/FirstPerson/Character/Mesh/FirstPersonAnimBlueprint_Copy.uasset" 11
"../../../../UE_Projects/FPS/Content/FirstPerson/Character/Textures/UE4_LOGO_CARD.uasset" 12
"../../../../UE_Projects/FPS/Content/FirstPerson/FPWeapon/Materials/MaterialLayers/ML_Plastic_Shiny_Beige_LOGO.uasset" 13
"../../../../UE_Projects/FPS/Content/FirstPerson/FPWeapon/Materials/MaterialLayers/T_ML_FineRubber.uasset" 14
"../../../../UE_Projects/FPS/Content/FirstPerson/FPWeapon/Mesh/SK_FPGun_PhysicsAsset.uasset" 15
"../../../../UE_Projects/FPS/Content/FirstPersonBP/FirstPersonOverview.uasset" 16
"../../../../UE_Projects/FPS/Content/FirstPerson/Character/Materials/MaterialLayers/T_ML_Rubber_Blue_01_D.uasset" 17
"../../../../UE_Projects/FPS/Content/FirstPerson/Character/Materials/MaterialLayers/T_ML_Rubber_Blue_01_N.uasset" 18
"../../../../UE_Projects/FPS/Content/FirstPerson/Character/Materials/MaterialLayers/ML_GlossyBlack_Latex_UE4.uasset" 19
"../../../Engine/Content/Functions/MaterialLayerFunctions/MatLayerBlend_Simple.uasset" 20
"../../../Engine/Content/Functions/Engine_MaterialFunctions02/Utility/BlendAngleCorrectedNormals.uasset" 21
"../../../Engine/Content/Functions/MaterialLayerFunctions/MatLayerBlend_NormalBlend.uasset" 22
"../../../../UE_Projects/FPS/Content/FirstPerson/Character/Materials/MaterialLayers/ML_Plastic_Shiny_Beige.uasset" 23
"../../../../UE_Projects/FPS/Content/FirstPerson/Character/Materials/MaterialLayers/ML_Plastic_Shiny_Beige_LOGO.uasset" 24
"../../../../UE_Projects/FPS/Content/FirstPerson/Character/Materials/MaterialLayers/T_ML_Aluminum01.uasset" 25
"../../../../UE_Projects/FPS/Content/FirstPerson/Character/Materials/MaterialLayers/T_ML_Aluminum01_N.uasset" 26
"../../../../UE_Projects/FPS/Content/FirstPerson/Character/Materials/MaterialLayers/ML_SoftMetal_UE4.uasset" 27
"../../../../UE_Projects/FPS/Content/FirstPerson/Character/Textures/UE4_Mannequin__normals.uasset" 28
"../../../../UE_Projects/FPS/Content/FirstPerson/Character/Textures/UE4_Mannequin_MAT_MASKA.uasset" 29
"../../../../UE_Projects/FPS/Content/FirstPerson/Character/Materials/M_UE4Man_Body.uasset" 30
"../../../../UE_Projects/FPS/Content/FirstPerson/Character/Mesh/SK_Mannequin_Arms_PhysicsAsset.uasset" 31
"../../../../UE_Projects/FPS/Content/FirstPerson/Character/Mesh/SK_Mannequin_Arms.uasset" 32
"../../../../UE_Projects/FPS/Content/FirstPerson/FPWeapon/Materials/MaterialLayers/T_ML_Rubber_Blue_01_D.uasset" 33
"../../../../UE_Projects/FPS/Content/FirstPerson/FPWeapon/Materials/MaterialLayers/T_ML_Rubber_Blue_01_N.uasset" 34
"../../../../UE_Projects/FPS/Content/FirstPerson/FPWeapon/Materials/MaterialLayers/ML_GlossyBlack_Latex_UE4.uasset" 35
"../../../../UE_Projects/FPS/Content/FirstPerson/FPWeapon/Materials/MaterialLayers/T_ML_Aluminum01.uasset" 36
"../../../../UE_Projects/FPS/Content/FirstPerson/FPWeapon/Materials/MaterialLayers/T_ML_Aluminum01_N.uasset" 37
"../../../../UE_Projects/FPS/Content/FirstPerson/FPWeapon/Materials/MaterialLayers/ML_SoftMetal_UE4.uasset" 38
"../../../../UE_Projects/FPS/Content/FirstPerson/FPWeapon/Textures/T_FPGun_M.uasset" 39
"../../../../UE_Projects/FPS/Content/FirstPerson/FPWeapon/Textures/T_FPGun_N.uasset" 40
"../../../../UE_Projects/FPS/Content/FirstPerson/FPWeapon/Materials/MaterialLayers/ML_Plastic_Shiny_Beige.uasset" 41
"../../../../UE_Projects/FPS/Content/FirstPerson/FPWeapon/Materials/MaterialLayers/ML_Screen.uasset" 42
"../../../../UE_Projects/FPS/Content/FirstPerson/FPWeapon/Materials/M_FPGun.uasset" 43
"../../../../UE_Projects/FPS/Content/FirstPerson/FPWeapon/Mesh/SK_FPGun_Skeleton.uasset" 44
"../../../../UE_Projects/FPS/Content/FirstPerson/FPWeapon/Mesh/SK_FPGun.uasset" 45
"../../../../UE_Projects/FPS/Content/UI/HUD/UI_Assets/repair.uasset" 46
"../../../../UE_Projects/FPS/Content/UI/HUD/UI_Assets/quick_access.uasset" 47
"../../../../UE_Projects/FPS/Content/UI/HUD/UI_Assets/masterkey.uasset" 48
"../../../../UE_Projects/FPS/Content/UI/HUD/UI_Assets/hand.uasset" 49
"../../../../UE_Projects/FPS/Content/UI/HUD/UI_Assets/extinguisher.uasset" 50
"../../../../UE_Projects/FPS/Content/UI/HUD/UI_Assets/cleaning.uasset" 51
"../../../../UE_Projects/FPS/Content/UI/HUD/Inventory/wdg_quickAccess.uasset" 52
"../../../../UE_Projects/FPS/Content/FirstPersonBP/Blueprints/FirstPersonCharacter.uasset" 53
"../../../../UE_Projects/FPS/Content/FirstPerson/Textures/FirstPersonCrosshair.uasset" 54
"../../../../UE_Projects/FPS/Content/FirstPersonBP/Blueprints/FirstPersonHUD.uasset" 55
"../../../../UE_Projects/FPS/Content/General_Blueprints/FirstPersonGameMode.uasset" 56
"../../../../UE_Projects/FPS/Content/FirstPersonBP/Blueprints/FirstPersonGameMode.uasset" 57
"../../../../UE_Projects/FPS/Content/FirstPerson/Meshes/BaseMaterial.uasset" 58
"../../../../UE_Projects/FPS/Content/FirstPerson/Meshes/FirstPersonProjectileMaterial.uasset" 59
"../../../../UE_Projects/FPS/Content/FirstPerson/Meshes/FirstPersonProjectileMesh.uasset" 60
"../../../../UE_Projects/FPS/Content/FirstPersonBP/Blueprints/FirstPersonProjectile.uasset" 61
"../../../../UE_Projects/FPS/Content/General_Blueprints/MainMenuGameMode.uasset" 62
"../../../../UE_Projects/FPS/Content/Geometry/Meshes/CubeMaterial.uasset" 63
"../../../../UE_Projects/FPS/Content/Geometry/Meshes/1M_Cube_Chamfer.uasset" 64
"../../../../UE_Projects/FPS/Content/Geometry/Meshes/TemplateFloor.uasset" 65
"../../../../UE_Projects/FPS/Content/UI/HoldWidget.uasset" 66
"../../../../UE_Projects/FPS/Content/UI/HUD/DayTimer/NewWidgetBlueprint.uasset" 67
"../../../Engine/Content/Animation/DefaultAnimBoneCompressionSettings.uasset" 68
"../../../Engine/Content/Animation/DefaultAnimCurveCompressionSettings.uasset" 69
"../../../Engine/Content/EngineMaterials/T_Default_Material_Grid_N.uasset" 70
"../../../Engine/Content/EngineMaterials/T_Default_Material_Grid_M.uasset" 71
"../../../Engine/Content/Functions/Engine_MaterialFunctions01/Opacity/CameraDepthFade.uasset" 72
"../../../Engine/Content/EngineMaterials/WorldGridMaterial.uasset" 73
"../../../Engine/Content/ArtTools/RenderToTexture/Meshes/S_1_Unit_Plane.uasset" 74
"../../../Engine/Content/EngineMaterials/DefaultMaterial.uasset" 75
"../../../Engine/Content/BasicShapes/Cone.uasset" 76
"../../../Engine/Content/BasicShapes/Plane.uasset" 77
"../../../Engine/Content/BasicShapes/Sphere.uasset" 78
"../../../Engine/Content/EditorLandscapeResources/DataLayer.uasset" 79
"../../../Engine/Content/EditorLandscapeResources/DefaultAlphaTexture.uasset" 80
"../../../Engine/Content/EditorMaterials/MAT_Groups_Toggle.uasset" 81
"../../../Engine/Content/EditorMaterials/MAT_Groups_Visibility.uasset" 82
"../../../Engine/Content/EditorMaterials/PreviewShadowIndicator.uasset" 83
"../../../Engine/Content/EditorMaterials/PreviewShadowIndicatorMaterial.uasset" 84
"../../../Engine/Content/EditorMaterials/MatineeGroups/MAT_ColorTrack.uasset" 85
"../../../Engine/Content/EditorMaterials/MatineeGroups/MAT_Groups_Anim.uasset" 86
"../../../Engine/Content/EditorMaterials/MatineeGroups/MAT_Groups_AudioMaster.uasset" 87
"../../../Engine/Content/EditorMaterials/MatineeGroups/MAT_Groups_Director.uasset" 88
"../../../Engine/Content/EditorMaterials/MatineeGroups/MAT_Groups_Event.uasset" 89
"../../../Engine/Content/EditorMaterials/MatineeGroups/MAT_Groups_Fade.uasset" 90
"../../../Engine/Content/EditorMaterials/MatineeGroups/MAT_Groups_Float.uasset" 91
"../../../Engine/Content/EditorMaterials/MatineeGroups/MAT_Groups_Move.uasset" 92
"../../../Engine/Content/EditorMaterials/MatineeGroups/MAT_Groups_Slomo.uasset" 93
"../../../Engine/Content/EditorMaterials/MatineeGroups/MAT_Groups_Sound.uasset" 94
"../../../Engine/Content/EditorMaterials/MatineeGroups/MAT_Groups_Vector.uasset" 95
"../../../Engine/Content/EditorMaterials/ParticleSystems/PSysThumbnail_NoImage.uasset" 96
"../../../Engine/Content/EditorMaterials/ParticleSystems/PSysThumbnail_OOD.uasset" 97
"../../../Engine/Content/EditorMaterials/Camera/CineMat.uasset" 98
"../../../Engine/Content/EditorMaterials/Camera/MI_CineMat_Rig.uasset" 99
"../../../Engine/Content/EditorMeshes/Camera/SM_CraneRig_Arm.uasset" 100
"../../../Engine/Content/EditorMeshes/Camera/SM_CraneRig_Base.uasset" 101
"../../../Engine/Content/EditorMeshes/Camera/SM_CraneRig_Body.uasset" 102
"../../../Engine/Content/EditorMeshes/Camera/SM_CraneRig_Mount.uasset" 103
"../../../Engine/Content/EditorMeshes/Camera/SM_RailRig_Mount.uasset" 104
"../../../Engine/Content/EditorMeshes/Camera/SM_RailRig_Track.uasset" 105
"../../../Engine/Content/EditorResources/BSPVertex.uasset" 106
"../../../Engine/Content/EditorResources/EmptyActor.uasset" 107
"../../../Engine/Content/EditorResources/S_Actor.uasset" 108
"../../../Engine/Content/EditorResources/S_Note.uasset" 109
"../../../Engine/Content/EditorResources/S_Solver.uasset" 110
"../../../Engine/Content/EditorResources/S_Terrain.uasset" 111
"../../../Engine/Content/EditorResources/S_Trigger.uasset" 112
"../../../Engine/Content/EditorResources/SequenceRecorder/Countdown.uasset" 113
"../../../Engine/Content/EditorResources/SequenceRecorder/RecordingIndicator.uasset" 114
"../../../Engine/Content/EngineDamageTypes/DmgTypeBP_Environmental.uasset" 115
"../../../Engine/Content/EngineDebugMaterials/DebugEditorMaterial.uasset" 116
"../../../Engine/Content/EngineDebugMaterials/DebugMeshMaterial.uasset" 117
"../../../Engine/Content/EngineDebugMaterials/M_SimpleUnlitTranslucent.uasset" 118
"../../../Engine/Content/EngineDebugMaterials/VolumeToRender.uasset" 119
"../../../Engine/Content/Functions/Engine_MaterialFunctions02/Utility/CameraDirectionVector.uasset" 120
"../../../Engine/Content/EngineDebugMaterials/M_VolumeRenderSphereTracePP.uasset" 121
"../../../Engine/Content/Functions/Engine_MaterialFunctions01/Shading/ConvertFromDiffSpec.uasset" 122
"../../../Engine/Content/EngineDebugMaterials/VertexColorMaterial.uasset" 123
"../../../Engine/Content/EngineDebugMaterials/WireframeMaterial.uasset" 124
"../../../Engine/Content/EngineFonts/Faces/RobotoRegular.uasset" 125
"../../../Engine/Content/EngineFonts/Faces/RobotoLight.uasset" 126
"../../../Engine/Content/EngineFonts/Faces/RobotoItalic.uasset" 127
"../../../Engine/Content/EngineFonts/Faces/RobotoBoldItalic.uasset" 128
"../../../Engine/Content/EngineFonts/Faces/RobotoBold.uasset" 129
"../../../Engine/Content/EngineFonts/Faces/DroidSansFallback.uasset" 130
"../../../Engine/Content/EngineFonts/Roboto.uasset" 131
"../../../Engine/Content/EngineMaterials/BaseFlattenNormalMap.uasset" 132
"../../../Engine/Content/EngineMaterials/BaseFlattenGrayscaleMap.uasset" 133
"../../../Engine/Content/EngineMaterials/BaseFlattenEmissiveMap.uasset" 134
"../../../Engine/Content/EngineMaterials/BaseFlattenDiffuseMap.uasset" 135
"../../../Engine/Content/EngineMaterials/BaseFlattenMaterial.uasset" 136
"../../../Engine/Content/EngineMaterials/BlueNoise.uasset" 137
"../../../Engine/Content/EngineMaterials/DefaultBloomKernel.uasset" 138
"../../../Engine/Content/EngineMaterials/DefaultBokeh.uasset" 139
"../../../Engine/Content/EngineMaterials/DefaultDiffuse.uasset" 140
"../../../Engine/Content/EngineMaterials/DefaultDeferredDecalMaterial.uasset" 141
"../../../Engine/Content/EngineMaterials/DefaultLightFunctionMaterial.uasset" 142
"../../../Engine/Content/EngineMaterials/DefaultPhysicalMaterial.uasset" 143
"../../../Engine/Content/Functions/Engine_MaterialFunctions02/Utility/BreakOutFloat2Components.uasset" 144
"../../../Engine/Content/EngineMaterials/DefaultPostProcessMaterial.uasset" 145
"../../../Engine/Content/EngineFonts/RobotoDistanceField.uasset" 146
"../../../Engine/Content/EngineMaterials/DefaultTextMaterialOpaque.uasset" 147
"../../../Engine/Content/EngineMaterials/DefaultWhiteGrid.uasset" 148
"../../../Engine/Content/EngineMaterials/DefaultWhiteGrid_Low.uasset" 149
"../../../Engine/Content/EngineMaterials/EmissiveMeshMaterial.uasset" 150
"../../../Engine/Content/EngineMaterials/GizmoMaterial.uasset" 151
"../../../Engine/Content/EngineMaterials/Good64x64TilingNoiseHighFreq.uasset" 152
"../../../Engine/Content/EngineMaterials/MiniFont.uasset" 153
"../../../Engine/Content/EngineMaterials/InvalidLightmapSettings.uasset" 154
"../../../Engine/Content/EngineMaterials/M_InvalidLightmapSettings.uasset" 155
"../../../Engine/Content/Functions/Engine_MaterialFunctions02/WorldPositionOffset/CameraOffset.uasset" 156
"../../../Engine/Content/EngineMaterials/PhAT_JointLimitMaterial.uasset" 157
"../../../Engine/Content/EngineMaterials/PreintegratedSkinBRDF.uasset" 158
"../../../Engine/Content/EngineMaterials/RemoveSurfaceMaterial.uasset" 159
"../../../Engine/Content/EngineMaterials/WeightMapPlaceholderTexture.uasset" 160
"../../../Engine/Content/EngineResources/WhiteSquareTexture.uasset" 161
"../../../Engine/Content/EngineMaterials/Widget3DPassThrough.uasset" 162
"../../../Engine/Content/EngineMaterials/Widget3DPassThrough_Masked.uasset" 163
"../../../Engine/Content/EngineMaterials/Widget3DPassThrough_Opaque.uasset" 164
"../../../Engine/Content/EngineMaterials/Widget3DPassThrough_Masked_OneSided.uasset" 165
"../../../Engine/Content/EngineMaterials/Widget3DPassThrough_Opaque_OneSided.uasset" 166
"../../../Engine/Content/EngineMaterials/Widget3DPassThrough_Translucent.uasset" 167
"../../../Engine/Content/EngineMaterials/Widget3DPassThrough_Translucent_OneSided.uasset" 168
"../../../Engine/Content/EngineMeshes/Cylinder.uasset" 169
"../../../Engine/Content/EngineMeshes/Sphere.uasset" 170
"../../../Engine/Content/EngineResources/Black.uasset" 171
"../../../Engine/Content/EngineResources/DefaultTextureCube.uasset" 172
"../../../Engine/Content/EngineResources/DefaultVolumeTexture2D.uasset" 173
"../../../Engine/Content/EngineResources/DefaultVolumeTexture.uasset" 174
"../../../Engine/Content/EngineResources/GradientTexture0.uasset" 175
"../../../Engine/Content/EngineSky/VolumetricClouds/T_NoiseShape64.uasset" 176
"../../../Engine/Content/EngineSky/VolumetricClouds/T_VolumeNoiseShape64.uasset" 177
"../../../Engine/Content/EngineSky/VolumetricClouds/T_NoiseErosion.uasset" 178
"../../../Engine/Content/EngineSky/VolumetricClouds/T_VolumeNoiseErosion32.uasset" 179
"../../../Engine/Content/EngineSky/VolumetricClouds/CloudWeatherTexture.uasset" 180
"../../../Engine/Content/EngineSky/VolumetricClouds/CloudGradientTexture.uasset" 181
"../../../Engine/Content/Functions/Engine_MaterialFunctions02/Utility/MakeFloat2.uasset" 182
"../../../Engine/Content/EngineSky/VolumetricClouds/m_SimpleVolumetricCloud.uasset" 183
"../../../Engine/Content/EngineSky/VolumetricClouds/m_SimpleVolumetricCloud_Inst.uasset" 184
"../../../Engine/Content/EngineSounds/Master.uasset" 185
"../../../Engine/Content/Functions/Engine_MaterialFunctions01/Shading/PowerToRoughness.uasset" 186
"../../../Engine/Content/Maps/Templates/Thumbnails/Default.uasset" 187
"../../../Engine/Content/Maps/Templates/Thumbnails/TimeOfDay.uasset" 188
"../../../Engine/Content/Maps/Templates/Thumbnails/VR-Basic.uasset" 189
"../../../Engine/Content/MobileResources/T_MobileControls_texture.uasset" 190
"../../../Engine/Content/MobileResources/T_MobileMenu2.uasset" 191
"../../../Engine/Content/MobileResources/HUD/AnalogHat.uasset" 192
"../../../Engine/Content/MobileResources/HUD/VirtualJoystick_Thumb.uasset" 193
"../../../Engine/Content/MobileResources/HUD/VirtualJoystick_Background.uasset" 194
"../../../Engine/Content/MobileResources/HUD/DefaultVirtualJoysticks.uasset" 195
"../../../Engine/Content/MobileResources/HUD/LeftVirtualJoystickOnly.uasset" 196
"../../../Engine/Content/MobileResources/HUD/MobileHUDButton1_off.uasset" 197
"../../../Engine/Content/MobileResources/HUD/MobileHUDButton1_on.uasset" 198
"../../../Engine/Content/MobileResources/HUD/MobileHUDButton2_off.uasset" 199
"../../../Engine/Content/MobileResources/HUD/MobileHUDButton2_on.uasset" 200
"../../../Engine/Content/MobileResources/HUD/MobileHUDButton3.uasset" 201
"../../../Engine/Content/MobileResources/HUD/MobileHUDButtonFire.uasset" 202
"../../../Engine/Content/MobileResources/HUD/MobileHUDDirectionPad.uasset" 203
"../../../Engine/Content/MobileResources/HUD/MobileHUDDirectionPad2.uasset" 204
"../../../Engine/Content/MobileResources/HUD/MobileHUDDirectionPad3.uasset" 205
"../../../Engine/Content/MobileResources/HUD/MobileHUDDirectionStick.uasset" 206
"../../../Engine/Content/MobileResources/HUD/T_Castle_ThumbstickInner.uasset" 207
"../../../Engine/Content/MobileResources/HUD/T_Castle_ThumbstickOutter.uasset" 208
"../../../Engine/Content/Tutorial/ContentIntroCurve.uasset" 209
"../../../Engine/Content/Tutorial/Basics/LevelEditorAttract.uasset" 210
"../../../Engine/Content/Tutorial/Basics/TutorialAssets/icon_tab_Levels_40x.uasset" 211
"../../../Engine/Content/Tutorial/Basics/LevelEditorOverview.uasset" 212
"../../../Engine/Content/Tutorial/Installation/InstallingVisualStudioTutorial.uasset" 213
"../../../Engine/Content/Tutorial/Landscape/TutorialAssets/Landscape.uasset" 214
"../../../Engine/Content/Tutorial/Landscape/LandscapeWalkThrough.uasset" 215
"../../../Engine/Content/Tutorial/Landscape/Landscape_Manage_Mode.uasset" 216
"../../../Engine/Content/Tutorial/Landscape/Landscape_Painting_Mode.uasset" 217
"../../../Engine/Content/Tutorial/Landscape/Landscape_Sculpt_Mode.uasset" 218
"../../../Engine/Content/VREditor/TransformGizmo/TranslucentTransformGizmoMaterial.uasset" 219
"../../../Engine/Content/VREditor/LaserPointer/VR_LaserPower_01.uasset" 220
"../../../Engine/Content/VREditor/TransformGizmo/TransformGizmoMaterial.uasset" 221
"../../../Engine/Content/VREditor/TransformGizmo/BoundingBoxCorner.uasset" 222
"../../../Engine/Content/VREditor/TransformGizmo/BoundingBoxEdge.uasset" 223
"../../../Engine/Content/VREditor/TransformGizmo/PlaneTranslationHandle.uasset" 224
"../../../Engine/Content/VREditor/TransformGizmo/Xray.uasset" 225
"../../../Engine/Content/VREditor/TransformGizmo/Main.uasset" 226
"../../../Engine/Content/VREditor/TransformGizmo/SM_Sequencer_Key.uasset" 227
"../../../Engine/Content/VREditor/TransformGizmo/SM_Sequencer_Node.uasset" 228
"../../Plugins/2D/Paper2D/Content/PlaceholderTextures/DummySpriteTexture.uasset" 229
"../../Plugins/2D/Paper2D/Content/DummySprite.uasset" 230
"../../Plugins/2D/Paper2D/Content/DefaultPaperTerrainMaterial.uasset" 231
"../../Plugins/2D/Paper2D/Content/DefaultSpriteMaterial.uasset" 232
"../../Plugins/2D/Paper2D/Content/MaskedUnlitSpriteMaterial.uasset" 233
"../../Plugins/2D/Paper2D/Content/OpaqueUnlitSpriteMaterial.uasset" 234
"../../../Engine/Content/Functions/Engine_MaterialFunctions02/Utility/BreakOutFloat3Components.uasset" 235
"../../Plugins/Editor/SpeedTreeImporter/Content/SpeedTree9/UnpackInteger3.uasset" 236
"../../Plugins/Editor/SpeedTreeImporter/Content/SpeedTree9/UnpackDirection.uasset" 237
"../../Plugins/Editor/SpeedTreeImporter/Content/SpeedTree9/game_wind_noise.uasset" 238
"../../../Engine/Content/Functions/Engine_MaterialFunctions02/SafeNormalize.uasset" 239
"../../Plugins/Editor/SpeedTreeImporter/Content/SpeedTree9/SpeedTreeWindMotion.uasset" 240
"../../Plugins/Editor/SpeedTreeImporter/Content/SpeedTree9/SpeedTreeBranchMotion.uasset" 241
"../../../Engine/Content/Functions/Engine_MaterialFunctions02/ObjectLocalBounds.uasset" 242
"../../../Engine/Content/Functions/Engine_MaterialFunctions02/UVs/BoundingBoxBased_0-1_UVW.uasset" 243
"../../Plugins/Editor/SpeedTreeImporter/Content/SpeedTree9/SpeedTreeWind.uasset" 244
"../../Plugins/Editor/SpeedTreeImporter/Content/SpeedTree9/SpeedTreeBillboard.uasset" 245
"../../../Engine/Content/EngineResources/DefaultTexture.uasset" 246
"../../Plugins/Editor/SpeedTreeImporter/Content/SpeedTree9/SpeedTreeBillboardMaster.uasset" 247
"../../Plugins/Editor/SpeedTreeImporter/Content/SpeedTree9/SpeedTreeCameraFacing.uasset" 248
"../../Plugins/Editor/SpeedTreeImporter/Content/SpeedTree9/SpeedTreeMaster.uasset" 249
"../../../Engine/Content/BasicShapes/Cylinder.uasset" 250
"../../../Engine/Content/ArtTools/RenderToTexture/Materials/Debug/M_Emissive_Color.uasset" 251
"../../Plugins/Lumin/MagicLeapPassableWorld/Content/MagicLeapARPinInfoActor.uasset" 252
"../../../Engine/Content/Functions/Engine_MaterialFunctions02/Utility/BreakOutFloat4Components.uasset" 253
"../../../Engine/Content/Functions/Engine_MaterialFunctions02/Utility/MakeFloat3.uasset" 254
"../../Plugins/Runtime/Oculus/OculusVR/Content/Materials/OculusMR_ChromaKey.uasset" 255
"../../Plugins/Runtime/Oculus/OculusVR/Content/Materials/OculusMR_OpaqueColoredMaterial.uasset" 256
"../../Plugins/Runtime/Oculus/OculusVR/Content/Materials/PokeAHoleMaterial.uasset" 257
"../../../../UE_Projects/FPS/Content/FirstPerson/Meshes/CubeMaterialOverride.uasset" 258
"../../../Engine/Content/MapTemplates/Sky/DaylightAmbientCubemap.uasset" 259
"../../../Engine/Content/EngineSky/T_Sky_Stars.uasset" 260
"../../../Engine/Content/EngineSky/T_Sky_Clouds_M.uasset" 261
"../../../Engine/Content/EngineSky/T_Sky_Blue.uasset" 262
"../../../Engine/Content/BasicShapes/Cube.uasset" 263
"../../../Engine/Content/Functions/Engine_MaterialFunctions02/Utility/VectorLength.uasset" 264
"../../../../UE_Projects/FPS/Content/Materials/MF_SampleSceneTextureNeighbourUVs.uasset" 265
"../../../../UE_Projects/FPS/Content/Materials/MF_ExtractDepth.uasset" 266
"../../../Engine/Content/Functions/Engine_MaterialFunctions02/SplitComponents.uasset" 267
"../../../../UE_Projects/FPS/Content/Materials/MF_ConvolveTexture.uasset" 268
"../../../../UE_Projects/FPS/Content/Materials/PP_Outliner_M.uasset" 269
"../../../../UE_Projects/FPS/Content/Materials/PP_Outliner_Inst.uasset" 270
"../../../Engine/Content/EngineSky/M_Sky_Panning_Clouds2.uasset" 271
"../../../Engine/Content/Functions/Engine_MaterialFunctions03/Procedurals/ComputeFilterWidth.uasset" 272
"../../../Engine/Content/EngineMaterials/AntiAliasedTextMaterialTranslucent.uasset" 273
"../../../Engine/Content/BasicShapes/BasicShapeMaterial.uasset" 274
"../../../../UE_Projects/FPS/Content/FirstPersonBP/Maps/FirstPersonExampleMap_BuiltData.uasset" 275
"../../../Engine/Content/EngineSky/SM_SkySphere.uasset" 276
"../../../Engine/Content/EngineSky/C_Sky_Zenith_Color.uasset" 277
"../../../Engine/Content/EngineSky/C_Sky_Horizon_Color.uasset" 278
"../../../Engine/Content/EngineSky/C_Sky_Cloud_Color.uasset" 279
"../../../Engine/Content/EngineSky/BP_Sky_Sphere.uasset" 280
"../../../../UE_Projects/FPS/Content/TimeSystem/TimeSystem.uasset" 281
"../../../../UE_Projects/FPS/Content/FirstPerson/Audio/MouseSounds/button_hovered.uasset" 282
"../../../../UE_Projects/FPS/Content/FirstPerson/Audio/MouseSounds/button_click.uasset" 283
"../../../../UE_Projects/FPS/Content/UI/Fonts/KTFJermilov-Solid.uasset" 284
"../../../../UE_Projects/FPS/Content/UI/Fonts/KTFJermilov-Solid_Font.uasset" 285
"../../../../UE_Projects/FPS/Content/UI/Menu/PauseToMainMenuWB.uasset" 286
"../../../../UE_Projects/FPS/Content/UI/Menu/PauseMenuWB.uasset" 287
"../../../../UE_Projects/FPS/Content/UI/Menu/SettingsWB.uasset" 288
"../../../../UE_Projects/FPS/Content/UI/Menu/PauseMenuOptionsMenuWB.uasset" 289
"../../../../UE_Projects/FPS/Content/UI/Menu/OptionsMenuWB.uasset" 290
"../../../../UE_Projects/FPS/Content/UI/Menu/MainMenuWB.uasset" 291
"../../../../UE_Projects/FPS/Content/UI/Menu/LoadingScreenWB.uasset" 292
"../../../../UE_Projects/FPS/Content/General_Blueprints/MainGameInstance.uasset" 293
"../../../../UE_Projects/FPS/Content/Geometry/Meshes/1M_Cube.uasset" 294
"../../../../UE_Projects/FPS/Content/FirstPersonBP/Blueprints/Item_BP.uasset" 295
"../../../../UE_Projects/FPS/Content/FirstPersonBP/Maps/FirstPersonExampleMap.umap" 296
"../../../../UE_Projects/FPS/Content/FirstPersonBP/Maps/MainMenu.umap" 297
"../../../Engine/Content/Maps/Entry_BuiltData.uasset" 298
"../../../Engine/Content/Maps/Entry.umap" 299
